[35m[1mScanning dependencies of target server[0m
[ 50%] Built target client
[ 75%] [32mBuilding CXX object CMakeFiles/server.dir/src/tcp_client.cpp.o[0m
[01m[K/home/arc/Documents/ros2_tcp_client/src/tcp_services/src/tcp_client.cpp:[m[K In function â€˜[01m[Kstd::string send_socket(std::string, std::string, char*)[m[Kâ€™:
[01m[K/home/arc/Documents/ros2_tcp_client/src/tcp_services/src/tcp_client.cpp:52:3:[m[K [01;31m[Kerror: [m[Kâ€˜[01m[Kprint[m[Kâ€™ was not declared in this scope; did you mean â€˜[01m[Kprintf[m[Kâ€™?
   52 |   [01;31m[Kprint[m[K("clientfd:%d", clientfd);
      |   [01;31m[K^~~~~[m[K
      |   [32m[Kprintf[m[K
make[2]: *** [CMakeFiles/server.dir/build.make:63: CMakeFiles/server.dir/src/tcp_client.cpp.o] Error 1
make[1]: *** [CMakeFiles/Makefile2:107: CMakeFiles/server.dir/all] Error 2
make: *** [Makefile:141: all] Error 2
